<?xml version="1.0" encoding="UTF-8"?>
<!-- Generated by org.testng.reporters.JUnitReportReporter -->
<testsuite hostname="DESKTOP-RNCEDP5" failures="0" tests="1" name="pkg1.ClassA" time="0.037" errors="0" timestamp="8 Sep 2025 10:07:16 GMT">
  <testcase classname="pkg1.ClassA" name="tc1" time="0.037"/>
</testsuite> <!-- pkg1.ClassA -->
